[    0.000000] Initializing cgroup subsys cpuset
[    0.000000] Initializing cgroup subsys cpu
[    0.000000] Initializing cgroup subsys cpuacct
[    0.000000] Linux version 4.4.0-210-generic (buildd@lgw01-amd64-009) (gcc version 5.4.0 20160609 (Ubuntu 5.4.0-6ubuntu1~16.04.12) ) #242-Ubuntu SMP Fri Apr 16 09:57:56 UTC 2021 (Ubuntu 4.4.0-210.242-generic 4.4.262)
[    0.000000] Command line: BOOT_IMAGE=/boot/vmlinuz-4.4.0-210-generic root=LABEL=cloudimg-rootfs ro console=tty1 console=ttyS0
[    0.000000] KERNEL supported cpus:
[    0.000000]   Intel GenuineIntel
[    0.000000]   AMD AuthenticAMD
[    0.000000]   Centaur CentaurHauls
[    0.000000] x86/fpu: Legacy x87 FPU detected.
[    0.000000] e820: BIOS-provided physical RAM map:
[    0.000000] BIOS-e820: [mem 0x0000000000000000-0x000000000009fbff] usable
[    0.000000] BIOS-e820: [mem 0x000000000009fc00-0x000000000009ffff] reserved
[    0.000000] BIOS-e820: [mem 0x00000000000f0000-0x00000000000fffff] reserved
[    0.000000] BIOS-e820: [mem 0x0000000000100000-0x000000003ffeffff] usable
[    0.000000] BIOS-e820: [mem 0x000000003fff0000-0x000000003fffffff] ACPI data
[    0.000000] BIOS-e820: [mem 0x00000000fec00000-0x00000000fec00fff] reserved
[    0.000000] BIOS-e820: [mem 0x00000000fee00000-0x00000000fee00fff] reserved
[    0.000000] BIOS-e820: [mem 0x00000000fffc0000-0x00000000ffffffff] reserved
[    0.000000] NX (Execute Disable) protection: active
[    0.000000] SMBIOS 2.5 present.
[    0.000000] Hypervisor detected: KVM
[    0.000000] Kernel/User page tables isolation: disabled
[    0.000000] e820: last_pfn = 0x3fff0 max_arch_pfn = 0x400000000
[    0.000000] MTRR: Disabled
[    0.000000] x86/PAT: MTRRs disabled, skipping PAT initialization too.
[    0.000000] CPU MTRRs all blank - virtualized system.
[    0.000000] x86/PAT: Configuration [0-7]: WB  WT  UC- UC  WB  WT  UC- UC  
[    0.000000] found SMP MP-table at [mem 0x0009fff0-0x0009ffff] mapped at [ffff88000009fff0]
[    0.000000] Scanning 1 areas for low memory corruption
[    0.000000] RAMDISK: [mem 0x362dc000-0x37165fff]
[    0.000000] ACPI: Early table checksum verification disabled
[    0.000000] ACPI: RSDP 0x00000000000E0000 000024 (v02 VBOX  )
[    0.000000] ACPI: XSDT 0x000000003FFF0030 00003C (v01 VBOX   VBOXXSDT 00000001 ASL  00000061)
[    0.000000] ACPI: FACP 0x000000003FFF00F0 0000F4 (v04 VBOX   VBOXFACP 00000001 ASL  00000061)
[    0.000000] ACPI: DSDT 0x000000003FFF0610 002353 (v02 VBOX   VBOXBIOS 00000002 INTL 20100528)
[    0.000000] ACPI: FACS 0x000000003FFF0200 000040
[    0.000000] ACPI: FACS 0x000000003FFF0200 000040
[    0.000000] ACPI: APIC 0x000000003FFF0240 00005C (v02 VBOX   VBOXAPIC 00000001 ASL  00000061)
[    0.000000] ACPI: SSDT 0x000000003FFF02A0 00036C (v01 VBOX   VBOXCPUT 00000002 INTL 20100528)
[    0.000000] No NUMA configuration found
[    0.000000] Faking a node at [mem 0x0000000000000000-0x000000003ffeffff]
[    0.000000] NODE_DATA(0) allocated [mem 0x3ffeb000-0x3ffeffff]
[    0.000000] kvm-clock: Using msrs 4b564d01 and 4b564d00
[    0.000000] kvm-clock: cpu 0, msr 0:3ffe3001, primary cpu clock
[    0.000000] kvm-clock: using sched offset of 3497994267 cycles
[    0.000000] clocksource: kvm-clock: mask: 0xffffffffffffffff max_cycles: 0x1cd42e4dffb, max_idle_ns: 881590591483 ns
[    0.000000] Zone ranges:
[    0.000000]   DMA      [mem 0x0000000000001000-0x0000000000ffffff]
[    0.000000]   DMA32    [mem 0x0000000001000000-0x000000003ffeffff]
[    0.000000]   Normal   empty
[    0.000000]   Device   empty
[    0.000000] Movable zone start for each node
[    0.000000] Early memory node ranges
[    0.000000]   node   0: [mem 0x0000000000001000-0x000000000009efff]
[    0.000000]   node   0: [mem 0x0000000000100000-0x000000003ffeffff]
[    0.000000] Initmem setup node 0 [mem 0x0000000000001000-0x000000003ffeffff]
[    0.000000] ACPI: PM-Timer IO Port: 0x4008
[    0.000000] IOAPIC[0]: apic_id 2, version 32, address 0xfec00000, GSI 0-23
[    0.000000] ACPI: INT_SRC_OVR (bus 0 bus_irq 0 global_irq 2 dfl dfl)
[    0.000000] ACPI: INT_SRC_OVR (bus 0 bus_irq 9 global_irq 9 low level)
[    0.000000] Using ACPI (MADT) for SMP configuration information
[    0.000000] smpboot: Allowing 2 CPUs, 0 hotplug CPUs
[    0.000000] PM: Registered nosave memory: [mem 0x00000000-0x00000fff]
[    0.000000] PM: Registered nosave memory: [mem 0x0009f000-0x0009ffff]
[    0.000000] PM: Registered nosave memory: [mem 0x000a0000-0x000effff]
[    0.000000] PM: Registered nosave memory: [mem 0x000f0000-0x000fffff]
[    0.000000] e820: [mem 0x40000000-0xfebfffff] available for PCI devices
[    0.000000] Booting paravirtualized kernel on KVM
[    0.000000] clocksource: refined-jiffies: mask: 0xffffffff max_cycles: 0xffffffff, max_idle_ns: 7645519600211568 ns
[    0.000000] setup_percpu: NR_CPUS:512 nr_cpumask_bits:512 nr_cpu_ids:2 nr_node_ids:1
[    0.000000] PERCPU: Embedded 33 pages/cpu @ffff88003fc00000 s95192 r8192 d31784 u1048576
[    0.000000] Built 1 zonelists in Node order, mobility grouping on.  Total pages: 257912
[    0.000000] Policy zone: DMA32
[    0.000000] Kernel command line: BOOT_IMAGE=/boot/vmlinuz-4.4.0-210-generic root=LABEL=cloudimg-rootfs ro console=tty1 console=ttyS0
[    0.000000] PID hash table entries: 4096 (order: 3, 32768 bytes)
[    0.000000] Memory: 997792K/1048120K available (8644K kernel code, 1332K rwdata, 4044K rodata, 1492K init, 1164K bss, 50328K reserved, 0K cma-reserved)
[    0.000000] SLUB: HWalign=64, Order=0-3, MinObjects=0, CPUs=2, Nodes=1
[    0.000000] Hierarchical RCU implementation.
[    0.000000] 	Build-time adjustment of leaf fanout to 64.
[    0.000000] 	RCU restricting CPUs from NR_CPUS=512 to nr_cpu_ids=2.
[    0.000000] RCU: Adjusting geometry for rcu_fanout_leaf=64, nr_cpu_ids=2
[    0.000000] NR_IRQS:33024 nr_irqs:440 16
[    0.000000] Console: colour VGA+ 80x25
[    0.000000] console [tty1] enabled
[    0.000000] console [ttyS0] enabled
[    0.000000] tsc: Detected 2803.200 MHz processor
[    0.590284] Calibrating delay loop (skipped) preset value.. 5606.40 BogoMIPS (lpj=11212800)
[    0.596943] pid_max: default: 32768 minimum: 301
[    0.600552] ACPI: Core revision 20150930
[    0.604703] ACPI: 2 ACPI AML tables successfully acquired and loaded
[    0.610907] Security Framework initialized
[    0.615047] Yama: becoming mindful.
[    0.618406] AppArmor: AppArmor initialized
[    0.621651] Dentry cache hash table entries: 131072 (order: 8, 1048576 bytes)
[    0.634124] Inode-cache hash table entries: 65536 (order: 7, 524288 bytes)
[    0.645500] Mount-cache hash table entries: 2048 (order: 2, 16384 bytes)
[    0.651108] Mountpoint-cache hash table entries: 2048 (order: 2, 16384 bytes)
[    0.657858] Initializing cgroup subsys io
[    0.661873] Initializing cgroup subsys memory
[    0.666299] Initializing cgroup subsys devices
[    0.669867] Initializing cgroup subsys freezer
[    0.673526] Initializing cgroup subsys net_cls
[    0.678005] Initializing cgroup subsys perf_event
[    0.681949] Initializing cgroup subsys net_prio
[    0.685805] Initializing cgroup subsys hugetlb
[    0.690099] Initializing cgroup subsys pids
[    0.698741] mce: CPU supports 0 MCE banks
[    0.702307] Last level iTLB entries: 4KB 0, 2MB 0, 4MB 0
[    0.706500] Last level dTLB entries: 4KB 0, 2MB 0, 4MB 0, 1GB 0
[    0.712581] Spectre V1 : Mitigation: usercopy/swapgs barriers and __user pointer sanitization
[    0.721862] Spectre V2 : Mitigation: Enhanced IBRS
[    0.729476] Spectre V2 : Spectre v2 / SpectreRSB mitigation: Filling RSB on context switch
[    0.740995] Speculative Store Bypass: Vulnerable
[    0.782581] Freeing SMP alternatives memory: 36K
[    0.855207] ftrace: allocating 32380 entries in 127 pages
[    1.377614] smpboot: APIC(0) Converting physical 0 to logical package 0
[    1.389703] smpboot: Max logical packages: 1
[    1.413114] ..TIMER: vector=0x30 apic1=0 pin1=2 apic2=-1 pin2=-1
[    1.530525] APIC calibration not consistent with PM-Timer: 107ms instead of 100ms
[    1.538372] APIC delta adjusted to PM-Timer: 6461565 (6977781)
[    1.544868] smpboot: CPU0: 11th Gen Intel(R) Core(TM) i7-1165G7 @ 2.80GHz (family: 0x6, model: 0x8c, stepping: 0x1)
[    1.554609] Performance Events: unsupported p6 CPU model 140 no PMU driver, software events only.
[    1.654118] KVM setup paravirtual spinlock
[    1.665701] x86: Booting SMP configuration:
[    1.672929] .... node  #0, CPUs:      #1
[    1.680940] kvm-clock: cpu 1, msr 0:3ffe3041, secondary cpu clock
[    1.696495] mce: CPU supports 0 MCE banks
[    1.702527] TSC synchronization [CPU#0 -> CPU#1]:
[    1.710018] Measured 73545 cycles TSC warp between CPUs, turning off TSC clock.
[    1.716327] tsc: Marking TSC unstable due to check_tsc_sync_source failed
[    0.509033] x86: Booted up 1 node, 2 CPUs
[    0.512003] smpboot: Total of 2 processors activated (11212.80 BogoMIPS)
[    0.517682] devtmpfs: initialized
[    0.521021] evm: security.selinux
[    0.524003] evm: security.SMACK64
[    0.528005] evm: security.SMACK64EXEC
[    0.532003] evm: security.SMACK64TRANSMUTE
[    0.536007] evm: security.SMACK64MMAP
[    0.540005] evm: security.ima
[    0.544004] evm: security.capability
[    0.552153] clocksource: jiffies: mask: 0xffffffff max_cycles: 0xffffffff, max_idle_ns: 7645041785100000 ns
[    0.556011] futex hash table entries: 512 (order: 3, 32768 bytes)
[    0.560667] pinctrl core: initialized pinctrl subsystem
[    0.568002] RTC time: 14:19:11, date: 12/20/23
[    0.573040] NET: Registered protocol family 16
[    0.588008] cpuidle: using governor ladder
[    0.600008] cpuidle: using governor menu
[    0.602577] PCCT header not found.
[    0.604195] ACPI: bus type PCI registered
[    0.608003] acpiphp: ACPI Hot Plug PCI Controller Driver version: 0.5
[    0.612386] PCI: Using configuration type 1 for base access
[    0.636202] ACPI: Added _OSI(Module Device)
[    0.640007] ACPI: Added _OSI(Processor Device)
[    0.644004] ACPI: Added _OSI(3.0 _SCP Extensions)
[    0.648002] ACPI: Added _OSI(Processor Aggregator Device)
[    0.653146] ACPI: Executed 1 blocks of module-level executable AML code
[    0.662995] ACPI: Interpreter enabled
[    0.664009] ACPI: (supports S0 S5)
[    0.668002] ACPI: Using IOAPIC for interrupt routing
[    0.672272] PCI: Using host bridge windows from ACPI; if necessary, use "pci=nocrs" and report a bug
[    0.684299] ACPI: PCI Root Bridge [PCI0] (domain 0000 [bus 00-ff])
[    0.688006] acpi PNP0A03:00: _OSC: OS supports [ASPM ClockPM Segments MSI]
[    0.692513] acpi PNP0A03:00: _OSC: not requesting OS control; OS requires [ExtendedConfig ASPM ClockPM MSI]
[    0.696008] acpi PNP0A03:00: fail to add MMCONFIG information, can't access extended PCI configuration space under this bridge.
[    0.700555] PCI host bridge to bus 0000:00
[    0.704003] pci_bus 0000:00: root bus resource [io  0x0000-0x0cf7 window]
[    0.708004] pci_bus 0000:00: root bus resource [io  0x0d00-0xffff window]
[    0.712003] pci_bus 0000:00: root bus resource [mem 0x000a0000-0x000bffff window]
[    0.716003] pci_bus 0000:00: root bus resource [mem 0x40000000-0xfdffffff window]
[    0.720003] pci_bus 0000:00: root bus resource [bus 00-ff]
[    0.730786] pci 0000:00:01.1: legacy IDE quirk: reg 0x10: [io  0x01f0-0x01f7]
[    0.732003] pci 0000:00:01.1: legacy IDE quirk: reg 0x14: [io  0x03f6]
[    0.736003] pci 0000:00:01.1: legacy IDE quirk: reg 0x18: [io  0x0170-0x0177]
[    0.740002] pci 0000:00:01.1: legacy IDE quirk: reg 0x1c: [io  0x0376]
[    0.762134] pci 0000:00:07.0: quirk: [io  0x4000-0x403f] claimed by PIIX4 ACPI
[    0.764027] pci 0000:00:07.0: quirk: [io  0x4100-0x410f] claimed by PIIX4 SMB
[    0.790156] ACPI: PCI Interrupt Link [LNKA] (IRQs 5 9 10 *11)
[    0.799060] ACPI: PCI Interrupt Link [LNKB] (IRQs 5 9 *10 11)
[    0.808336] ACPI: PCI Interrupt Link [LNKC] (IRQs 5 *9 10 11)
[    0.820443] ACPI: PCI Interrupt Link [LNKD] (IRQs 5 9 10 *11)
[    0.830499] ACPI: Enabled 2 GPEs in block 00 to 07
[    0.832425] vgaarb: setting as boot device: PCI:0000:00:02.0
[    0.836000] vgaarb: device added: PCI:0000:00:02.0,decodes=io+mem,owns=io+mem,locks=none
[    0.836009] vgaarb: loaded
[    0.840005] vgaarb: bridge control possible 0000:00:02.0
[    0.844501] SCSI subsystem initialized
[    0.848186] ACPI: bus type USB registered
[    0.852038] usbcore: registered new interface driver usbfs
[    0.856030] usbcore: registered new interface driver hub
[    0.860011] usbcore: registered new device driver usb
[    0.864425] PCI: Using ACPI for IRQ routing
[    0.869334] NetLabel: Initializing
[    0.872002] NetLabel:  domain hash size = 128
[    0.876001] NetLabel:  protocols = UNLABELED CIPSOv4
[    0.880024] NetLabel:  unlabeled traffic allowed by default
[    0.884208] amd_nb: Cannot enumerate AMD northbridges
[    0.888514] clocksource: Switched to clocksource kvm-clock
[    0.900299] AppArmor: AppArmor Filesystem Enabled
[    0.900299] pnp: PnP ACPI init
[    0.900299] pnp: PnP ACPI: found 3 devices
[    0.989262] clocksource: acpi_pm: mask: 0xffffff max_cycles: 0xffffff, max_idle_ns: 2085701024 ns
[    0.992281] NET: Registered protocol family 2
[    1.002355] TCP established hash table entries: 8192 (order: 4, 65536 bytes)
[    1.007140] TCP bind hash table entries: 8192 (order: 5, 131072 bytes)
[    1.010953] TCP: Hash tables configured (established 8192 bind 8192)
[    1.010953] UDP hash table entries: 512 (order: 2, 16384 bytes)
[    1.010953] UDP-Lite hash table entries: 512 (order: 2, 16384 bytes)
[    1.010953] NET: Registered protocol family 1
[    1.010953] pci 0000:00:00.0: Limiting direct PCI/PCI transfers
[    1.010953] pci 0000:00:01.0: Activating ISA DMA hang workarounds
[    1.010953] Unpacking initramfs...
[    1.475414] Freeing initrd memory: 14888K
[    1.480112] clocksource: tsc: mask: 0xffffffffffffffff max_cycles: 0x28680fa287f, max_idle_ns: 440795281151 ns
[    1.490871] platform rtc_cmos: registered platform RTC device (no PNP device found)
[    1.497615] Scanning for low memory corruption every 60 seconds
[    1.504309] audit: initializing netlink subsys (disabled)
[    1.508980] audit: type=2000 audit(1703081955.701:1): initialized
[    1.513351] Initialise system trusted keyring
[    1.517555] HugeTLB registered 2 MB page size, pre-allocated 0 pages
[    1.524012] zbud: loaded
[    1.526934] VFS: Disk quotas dquot_6.6.0
[    1.530148] VFS: Dquot-cache hash table entries: 512 (order 0, 4096 bytes)
[    1.536038] squashfs: version 4.0 (2009/01/31) Phillip Lougher
[    1.541478] fuse init (API version 7.23)
[    1.545632] Key type big_key registered
[    1.548632] Allocating IMA MOK and blacklist keyrings.
[    1.564667] Key type asymmetric registered
[    1.570934] Asymmetric key parser 'x509' registered
[    1.578061] Block layer SCSI generic (bsg) driver version 0.4 loaded (major 249)
[    1.587403] io scheduler noop registered
[    1.590552] io scheduler deadline registered (default)
[    1.594833] io scheduler cfq registered
[    1.598043] pci_hotplug: PCI Hot Plug PCI Core version: 0.5
[    1.602005] pciehp: PCI Express Hot Plug Controller Driver version: 0.4
[    1.607058] ACPI: AC Adapter [AC] (on-line)
[    1.614247] input: Power Button as /devices/LNXSYSTM:00/LNXPWRBN:00/input/input0
[    1.623228] ACPI: Power Button [PWRF]
[    1.626060] input: Sleep Button as /devices/LNXSYSTM:00/LNXSLPBN:00/input/input1
[    1.630880] ACPI: Sleep Button [SLPF]
[    1.634061] GHES: HEST is not enabled!
[    1.634997] ACPI: Battery Slot [BAT0] (battery present)
[    1.648475] Serial: 8250/16550 driver, 32 ports, IRQ sharing enabled
[    1.686508] 00:02: ttyS0 at I/O 0x3f8 (irq = 4, base_baud = 115200) is a 16550A
[    1.726049] Linux agpgart interface v0.103
[    1.749797] loop: module loaded
[    1.757766] scsi host0: ata_piix
[    1.761373] scsi host1: ata_piix
[    1.763753] ata1: PATA max UDMA/33 cmd 0x1f0 ctl 0x3f6 bmdma 0xd000 irq 14
[    1.765311] ata2: PATA max UDMA/33 cmd 0x170 ctl 0x376 bmdma 0xd008 irq 15
[    1.775103] libphy: Fixed MDIO Bus: probed
[    1.779549] tun: Universal TUN/TAP device driver, 1.6
[    1.783473] tun: (C) 1999-2004 Max Krasnyansky <maxk@qualcomm.com>
[    1.789449] PPP generic driver version 2.4.2
[    1.796618] ehci_hcd: USB 2.0 'Enhanced' Host Controller (EHCI) Driver
[    1.802152] ehci-pci: EHCI PCI platform driver
[    1.809854] ehci-platform: EHCI generic platform driver
[    1.818329] ohci_hcd: USB 1.1 'Open' Host Controller (OHCI) Driver
[    1.825400] ohci-pci: OHCI PCI platform driver
[    1.829336] ohci-platform: OHCI generic platform driver
[    1.833506] uhci_hcd: USB Universal Host Controller Interface driver
[    1.838411] i8042: PNP: PS/2 Controller [PNP0303:PS2K,PNP0f03:PS2M] at 0x60,0x64 irq 1,12
[    1.847194] serio: i8042 KBD port at 0x60,0x64 irq 1
[    1.851047] serio: i8042 AUX port at 0x60,0x64 irq 12
[    1.855621] mousedev: PS/2 mouse device common for all mice
[    1.863659] rtc_cmos rtc_cmos: rtc core: registered rtc_cmos as rtc0
[    1.868731] rtc_cmos rtc_cmos: alarms up to one day, 114 bytes nvram
[    1.873654] i2c /dev entries driver
[    1.877282] device-mapper: uevent: version 1.0.3
[    1.880793] input: AT Translated Set 2 keyboard as /devices/platform/i8042/serio0/input/input2
[    1.887438] device-mapper: ioctl: 4.34.0-ioctl (2015-10-28) initialised: dm-devel@redhat.com
[    1.894196] ledtrig-cpu: registered to indicate activity on CPUs
[    1.901860] NET: Registered protocol family 10
[    1.905773] NET: Registered protocol family 17
[    1.909121] Key type dns_resolver registered
[    1.916768] registered taskstats version 1
[    1.922213] Loading compiled-in X.509 certificates
[    1.927445] Loaded X.509 cert 'Build time autogenerated kernel key: cf00e047681d67edb2720680708b7d9498083038'
[    1.961413] zswap: loaded using pool lzo/zbud
[    1.970417] Key type trusted registered
[    1.993931] Key type encrypted registered
[    1.998974] AppArmor: AppArmor sha1 policy hashing enabled
[    2.003864] ima: No TPM chip found, activating TPM-bypass!
[    2.009712] ima: Allocated hash algorithm: sha1
[    2.013366] evm: HMAC attrs: 0x1
[    2.018373]   Magic number: 3:297:334
[    2.022748] tty tty55: hash matches
[    2.027017] rtc_cmos rtc_cmos: setting system clock to 2023-12-20 14:19:12 UTC (1703081952)
[    2.033840] BIOS EDD facility v0.16 2004-Jun-25, 0 devices found
[    2.038412] EDD information not available.
[    2.043174] Freeing unused kernel memory: 1492K
[    2.060147] Write protecting the kernel read-only data: 14336k
[    2.066898] Freeing unused kernel memory: 1584K
[    2.071209] Freeing unused kernel memory: 52K
Loading, please wait...
starting version 229
[    2.123315] random: systemd-udevd: uninitialized urandom read (16 bytes read, 9 bits of entropy available)
[    2.124898] random: udevadm: uninitialized urandom read (16 bytes read, 9 bits of entropy available)
[    2.124923] random: udevadm: uninitialized urandom read (16 bytes read, 9 bits of entropy available)
[    2.136537] random: udevadm: uninitialized urandom read (16 bytes read, 9 bits of entropy available)
[    2.136591] random: udevadm: uninitialized urandom read (16 bytes read, 9 bits of entropy available)
[    2.136747] random: udevadm: uninitialized urandom read (16 bytes read, 9 bits of entropy available)
[    2.136817] random: udevadm: uninitialized urandom read (16 bytes read, 9 bits of entropy available)
[    2.136935] random: udevadm: uninitialized urandom read (16 bytes read, 9 bits of entropy available)
[    2.136984] random: udevadm: uninitialized urandom read (16 bytes read, 9 bits of entropy available)
[    2.137025] random: udevadm: uninitialized urandom read (16 bytes read, 9 bits of entropy available)
[    2.242756] Fusion MPT base driver 3.04.20
[    2.248433] Copyright (c) 1999-2008 LSI Corporation
[    2.253041] e1000: Intel(R) PRO/1000 Network Driver - version 7.3.21-k8-NAPI
[    2.261735] e1000: Copyright (c) 1999-2006 Intel Corporation.
[    2.291477] Fusion MPT SPI Host driver 3.04.20
[    2.320740] SSE version of gcm_enc/dec engaged.
[    2.532126] input: ImExPS/2 Generic Explorer Mouse as /devices/platform/i8042/serio1/input/input4
[    3.145056] e1000 0000:00:03.0 eth0: (PCI:33MHz:32-bit) 02:be:82:6b:cc:1d
[    3.156758] e1000 0000:00:03.0 eth0: Intel(R) PRO/1000 Network Connection
[    3.164914] mptbase: ioc0: Initiating bringup
[    3.899358] ioc0: LSI53C1030 A0: Capabilities={Initiator}
[    4.138958] scsi host2: ioc0: LSI53C1030 A0, FwRev=00000000h, Ports=1, MaxQ=256, IRQ=20
[    4.694187] scsi 2:0:0:0: Direct-Access     VBOX     HARDDISK         1.0  PQ: 0 ANSI: 5
[    4.700140] scsi target2:0:0: Beginning Domain Validation
[    4.710918] scsi target2:0:0: Domain Validation skipping write tests
[    4.715085] scsi target2:0:0: Ending Domain Validation
[    4.720546] scsi target2:0:0: asynchronous
[    4.733166] scsi 2:0:1:0: Direct-Access     VBOX     HARDDISK         1.0  PQ: 0 ANSI: 5
[    4.744529] scsi target2:0:1: Beginning Domain Validation
[    4.763388] scsi target2:0:1: Domain Validation skipping write tests
[    4.773360] scsi target2:0:1: Ending Domain Validation
[    4.779341] scsi target2:0:1: asynchronous
[    4.802694] sd 2:0:0:0: Attached scsi generic sg0 type 0
[    4.809600] sd 2:0:1:0: Attached scsi generic sg1 type 0
[    4.816034] sd 2:0:1:0: [sdb] 20480 512-byte logical blocks: (10.5 MB/10.0 MiB)
[    4.816397] sd 2:0:0:0: [sda] 83886080 512-byte logical blocks: (42.9 GB/40.0 GiB)
[    4.857530] sd 2:0:0:0: [sda] Write Protect is off
[    4.864685] sd 2:0:1:0: [sdb] Write Protect is off
[    4.872466] sd 2:0:0:0: [sda] Incomplete mode parameter data
[    4.879512] sd 2:0:0:0: [sda] Assuming drive cache: write through
[    4.886724] sd 2:0:1:0: [sdb] Incomplete mode parameter data
[    4.892689] sd 2:0:1:0: [sdb] Assuming drive cache: write through
[    4.904153]  sda: sda1
[    4.913558] sd 2:0:0:0: [sda] Attached SCSI disk
[    4.928069] sd 2:0:1:0: [sdb] Attached SCSI disk
[    5.726282] e1000 0000:00:08.0 eth1: (PCI:33MHz:32-bit) 08:00:27:a0:b7:3c
[    5.732237] e1000 0000:00:08.0 eth1: Intel(R) PRO/1000 Network Connection
[    5.739044] e1000 0000:00:03.0 enp0s3: renamed from eth0
[    5.756303] e1000 0000:00:08.0 enp0s8: renamed from eth1
Begin: Loading essential drivers ... [    7.606682] md: linear personality registered for level -1
[    7.616491] md: multipath personality registered for level -4
[    7.633752] md: raid0 personality registered for level 0
[    7.663505] md: raid1 personality registered for level 1
[    8.172158] raid6: sse2x1   gen() 72468 MB/s
[   10.171368] raid6: sse2x1   xor() 132237 MB/s
[   11.170720] raid6: sse2x2   gen() 263102 MB/s
[   12.169790] raid6: sse2x2   xor() 201373 MB/s
[   13.237288] raid6: sse2x4   gen() 11302 MB/s
[   13.309150] raid6: sse2x4   xor()  9855 MB/s
[   13.316127] raid6: using algorithm sse2x2 gen() 263102 MB/s
[   13.326172] raid6: .... xor() 201373 MB/s, rmw enabled
[   13.335055] raid6: using ssse3x2 recovery algorithm
[   13.346704] xor: measuring software checksum speed
[   13.388252]    prefetch64-sse: 23936.000 MB/sec
[   13.432302]    generic_sse:  8378.000 MB/sec
[   13.439400] xor: using function: prefetch64-sse (23936.000 MB/sec)
[   13.451427] async_tx: api initialized (async)
[   13.490988] md: raid6 personality registered for level 6
[   13.495978] md: raid5 personality registered for level 5
[   13.500096] md: raid4 personality registered for level 4
[   13.519845] md: raid10 personality registered for level 10
done.
Begin: Running /scripts/init-premount ... done.
Begin: Mounting root file system ... Begin: Running /scripts/local-top ... done.
Begin: Running /scripts/local-premount ... [   13.589809] Btrfs loaded
Scanning for Btrfs filesystems
done.
Warning: fsck not present, so skipping root file system
[   13.638810] EXT4-fs (sda1): mounted filesystem with ordered data mode. Opts: (null)
done.
Begin: Running /scripts/local-bottom ... done.
Begin: Running /scripts/init-bottom ... done.
[   13.804152] systemd[1]: systemd 229 running in system mode. (+PAM +AUDIT +SELINUX +IMA +APPARMOR +SMACK +SYSVINIT +UTMP +LIBCRYPTSETUP +GCRYPT +GNUTLS +ACL +XZ -LZ4 +SECCOMP +BLKID +ELFUTILS +KMOD -IDN)
[   13.826562] systemd[1]: Detected virtualization oracle.
[   13.835810] systemd[1]: Detected architecture x86-64.

Welcome to [1mUbuntu 16.04.7 LTS[0m!

[   13.859727] systemd[1]: Set hostname to <ubuntu-xenial>.
[   14.043299] systemd[1]: Listening on fsck to fsckd communication Socket.
[[0;32m  OK  [0m] Listening on fsck to fsckd communication Socket.
[   14.069312] systemd[1]: Listening on LVM2 metadata daemon socket.
[[0;32m  OK  [0m] Listening on LVM2 metadata daemon socket.
[   14.082182] systemd[1]: Created slice System Slice.
[[0;32m  OK  [0m] Created slice System Slice.
[   14.091331] systemd[1]: Reached target Encrypted Volumes.
[[0;32m  OK  [0m] Reached target Encrypted Volumes.
[   14.101112] systemd[1]: Set up automount Arbitrary Executable File Formats File System Automount Point.
[[0;32m  OK  [0m] Set up automount Arbitrary Executab...ats File System Automount Point.
[   14.121346] systemd[1]: Listening on Device-mapper event daemon FIFOs.
[[0;32m  OK  [0m] Listening on Device-mapper event daemon FIFOs.
[   14.143270] systemd[1]: Listening on udev Kernel Socket.
[[0;32m  OK  [0m] Listening on udev Kernel Socket.
[   14.157488] systemd[1]: Reached target User and Group Name Lookups.
[[0;32m  OK  [0m] Reached target User and Group Name Lookups.
[   14.166890] systemd[1]: Listening on Syslog Socket.
[[0;32m  OK  [0m] Listening on Syslog Socket.
[   14.178948] systemd[1]: Listening on /dev/initctl Compatibility Named Pipe.
[[0;32m  OK  [0m] Listening on /dev/initctl Compatibility Named Pipe.
[   14.191101] systemd[1]: Reached target System Time Synchronized.
[[0;32m  OK  [0m] Reached target System Time Synchronized.
[   14.201030] systemd[1]: Created slice User and Session Slice.
[[0;32m  OK  [0m] Created slice User and Session Slice.
[   14.209684] systemd[1]: Reached target Slices.
[[0;32m  OK  [0m] Reached target Slices.
[   14.218207] systemd[1]: Listening on udev Control Socket.
[[0;32m  OK  [0m] Listening on udev Control Socket.
[   14.226883] systemd[1]: Listening on Journal Socket (/dev/log).
[[0;32m  OK  [0m] Listening on Journal Socket (/dev/log).
[   14.236557] systemd[1]: Reached target Swap.
[[0;32m  OK  [0m] Reached target Swap.
[   14.245008] systemd[1]: Listening on Journal Socket.
[[0;32m  OK  [0m] Listening on Journal Socket.
[   14.269052] systemd[1]: Starting Nameserver information manager...
         Starting Nameserver information manager...
[   14.283873] systemd[1]: Starting Create list of required static device nodes for the current kernel...
         Starting Create list of required st... nodes for the current kernel...
[   14.298155] systemd[1]: Mounting Huge Pages File System...
         Mounting Huge Pages File System...
[   14.309015] systemd[1]: Starting Load Kernel Modules...
         Starting Load Kernel Modules...
[   14.323830] systemd[1]: Mounting Debug File System...
         Mounting Debug File System...
[   14.333415] Loading iSCSI transport class v2.0-870.
[   14.334908] systemd[1]: Started Trigger resolvconf update for networkd DNS.
[[0;32m  OK  [0m] Started Trigger resolvconf update for networkd DNS.
[   14.355748] systemd[1]: Listening on LVM2 poll daemon socket.
[[0;32m  OK  [0m] Listening on LVM[   14.364904] iscsi: registered transport (tcp)
2 poll daemon socket.
[   14.369852] systemd[1]: Listening on Journal Audit Socket.
[[0;32m  OK  [0m] Listening on Journal Audit Socket.
[   14.392468] systemd[1]: Starting Journal Service...
         Starting Journal Service...
[   14.413416] systemd[1]: Starting Uncomplicated firewall...
[   14.428073] random: nonblocking pool is initialized
         Starting Uncomplicated firewall...
[   14.460828] systemd[1]: Starting Monitoring of LVM2 mirrors, snapshots etc. using dmeventd or progress polling...
         Starting Monitoring of LVM2 mirrors... dmeventd or progress polling...
[   14.487135] systemd[1]: Mounting POSIX Message Queue File System...
[   14.496907] iscsi: registered transport (iser)
         Mounting POSIX Message Queue File System...
[   14.503326] systemd[1]: Starting File System Check on Root Device...
         Starting File System Check on Root Device...
[   14.513935] systemd[1]: Started Forward Password Requests to Wall Directory Watch.
[[0;32m  OK  [0m] Started Forward Password Requests to Wall Directory Watch.
[   14.528013] systemd[1]: Created slice system-serial\x2dgetty.slice.
[[0;32m  OK  [0m] Created slice system-serial\x2dgetty.slice.
[   14.548920] systemd[1]: Starting Set console keymap...
         Starting Set console keymap...
[   14.564190] systemd[1]: Mounted Huge Pages File System.
[[0;32m  OK  [0m] Mounted Huge Pages File System.
[   14.582916] systemd[1]: Mounted POSIX Message Queue File System.
[[0;32m  OK  [0m] Mounted POSIX Message Queue File System.
[   14.595651] systemd[1]: Mounted Debug File System.
[[0;32m  OK  [0m] Mounted Debug File System.
[   14.607655] systemd[1]: Started Journal Service.
[[0;32m  OK  [0m] Started Journal Service.
[[0;32m  OK  [0m] Started Create list of required sta...ce nodes for the current kernel.
[[0;32m  OK  [0m] Started Load Kernel Modules.
[[0;32m  OK  [0m] Started Uncomplicated firewall.
[[0;32m  OK  [0m] Started File System Check on Root Device.
[[0;32m  OK  [0m] Started Set console keymap.
[[0;32m  OK  [0m] Started Nameserver information manager.
[[0;32m  OK  [0m] Started File System Check Daemon to report status.
[[0;32m  OK  [0m] Started LVM2 metadata daemon.
         Starting Remount Root and Kernel File Systems...
[   14.793073] EXT4-fs (sda1): re-mounted. Opts: (null)
         Starting Apply Kernel Variables...
         Mounting FUSE Control File System...
         Starting Create Static Device Nodes in /dev...
[[0;32m  OK  [0m] Mounted FUSE Control File System.
[[0;32m  OK  [0m] Started Remount Root and Kernel File Systems.
         Starting Load/Save Random Seed...
         Starting udev Coldplug all Devices...
         Starting Flush Journal to Persistent Storage...
[[0;32m  OK  [0m] Started Apply Kernel Variables.
[[0;32m  OK  [0m] Started Load/Save Random Seed.
[[0;32m  OK  [0m] Started Create Static Device Nodes in /dev.
         Starting udev Kernel Device Manager...
[[0;32m  OK  [0m] Started Flush Journal to Persistent Storage.
[[0;32m  OK  [0m] Started udev Kernel Device Manager.
[[0;32m  OK  [0m] Started udev Coldplug all Devices.
[[0;32m  OK  [0m] Started Dispatch Password Requests to Console Directory Watch.
[[0;32m  OK  [0m] Found device /dev/ttyS0.
[[0;32m  OK  [0m] Listening on Load/Save RF Kill Switch Status /dev/rfkill Watch.
[[0;32m  OK  [0m] Found device 82540EM Gigabit Ethern...r (PRO/1000 MT Desktop Adapter).
[[0;32m  OK  [0m] Started Monitoring of LVM2 mirrors,...ng dmeventd or progress polling.
[[0;32m  OK  [0m] Reached target Local File Systems (Pre).
[[0;32m  OK  [0m] Reached target Local File Systems.
         Starting Tell Plymouth To Write Out Runtime Data...
         Starting Initial cloud-init job (pre-networking)...
         Starting LSB: AppArmor initialization...
         Starting Set console font and keymap...
         Starting Create Volatile Files and Directories...
[[0;32m  OK  [0m] Started Tell Plymouth To Write Out Runtime Data.
[[0;32m  OK  [0m] Found device 82540EM Gigabit Ethern...r (PRO/1000 MT Desktop Adapter).
[[0;32m  OK  [0m] Started LSB: AppArmor initialization.
[[0;32m  OK  [0m] Started Create Volatile Files and Directories.
         Starting Update UTMP about System Boot/Shutdown...
         Starting Load AppArmor profiles managed internally by snapd...
[[0;32m  OK  [0m] Started Load AppArmor profiles managed internally by snapd.
[[0;32m  OK  [0m] Started Update UTMP about System Boot/Shutdown.
[   17.193258] cloud-init[638]: Cloud-init v. 21.1-19-gbad84ad4-0ubuntu1~16.04.2 running 'init-local' at Wed, 20 Dec 2023 14:19:27 +0000. Up 16.91 seconds.
[[0;32m  OK  [0m] Started Initial cloud-init job (pre-networking).
[[0;32m  OK  [0m] Reached target Network (Pre).
         Starting Raise network interfaces...
[[0;32m  OK  [0m] Started ifup for enp0s3.
[[0;32m  OK  [0m] Started ifup for enp0s8.
[[0;32m  OK  [0m] Started Set console font and keymap.
[[0;32m  OK  [0m] Created slice system-getty.slice.
[[0;32m  OK  [0m] Started Raise network interfaces.
[[0;32m  OK  [0m] Reached target Network.
         Starting Initial cloud-init job (metadata service crawler)...
[   18.178516] cloud-init[1088]: Cloud-init v. 21.1-19-gbad84ad4-0ubuntu1~16.04.2 running 'init' at Wed, 20 Dec 2023 14:19:28 +0000. Up 17.86 seconds.
[   18.185601] cloud-init[1088]: ci-info: ++++++++++++++++++++++++++++++++++++++Net device info+++++++++++++++++++++++++++++++++++++++
[   18.189696] cloud-init[1088]: ci-info: +--------+------+-----------------------------+---------------+--------+-------------------+
[   18.194364] cloud-init[1088]: ci-info: | Device |  Up  |           Address           |      Mask     | Scope  |     Hw-Address    |
[   18.201024] cloud-init[1088]: ci-info: +--------+------+-----------------------------+---------------+--------+-------------------+
[   18.206435] cloud-init[1088]: ci-info: | enp0s3 | True |          10.0.2.15          | 255.255.255.0 | global | 02:be:82:6b:cc:1d |
[   18.217412] cloud-init[1088]: ci-info: | enp0s3 | True |  fe80::be:82ff:fe6b:cc1d/64 |       .       |  link  | 02:be:82:6b:cc:1d |
[   18.222422] cloud-init[1088]: ci-info: | enp0s8 | True |        192.168.1.237        | 255.255.255.0 | global | 08:00:27:a0:b7:3c |
[   18.227090] cloud-init[1088]: ci-info: | enp0s8 | True | fe80::a00:27ff:fea0:b73c/64 |       .       |  link  | 08:00:27:a0:b7:3c |
[   18.231194] cloud-init[1088]: ci-info: |   lo   | True |          127.0.0.1          |   255.0.0.0   |  host  |         .         |
[   18.235803] cloud-init[1088]: ci-info: |   lo   | True |           ::1/128           |       .       |  host  |         .         |
[   18.240357] cloud-init[1088]: ci-info: +--------+------+-----------------------------+---------------+--------+-------------------+
[   18.249765] cloud-init[1088]: ci-info: +++++++++++++++++++++++++++Route IPv4 info++++++++++++++++++++++++++++
[   18.257704] cloud-init[1088]: ci-info: +-------+-------------+----------+---------------+-----------+-------+
[   18.262024] cloud-init[1088]: ci-info: | Route | Destination | Gateway  |    Genmask    | Interface | Flags |
[   18.266687] cloud-init[1088]: ci-info: +-------+-------------+----------+---------------+-----------+-------+
[   18.270915] cloud-init[1088]: ci-info: |   0   |   0.0.0.0   | 10.0.2.2 |    0.0.0.0    |   enp0s3  |   UG  |
[   18.275037] cloud-init[1088]: ci-info: |   1   |   10.0.2.0  | 0.0.0.0  | 255.255.255.0 |   enp0s3  |   U   |
[   18.279317] cloud-init[1088]: ci-info: |   2   | 192.168.1.0 | 0.0.0.0  | 255.255.255.0 |   enp0s8  |   U   |
[   18.285211] cloud-init[1088]: ci-info: +-------+-------------+----------+---------------+-----------+-------+
[   18.289182] cloud-init[1088]: ci-info: +++++++++++++++++++Route IPv6 info+++++++++++++++++++
[[0;32m  OK  [0m] Started Initial cloud-init job (metadata service crawler).
[[0;32m  OK  [0m] Reached target Network is Online.
[   18.292915] cloud-init[1088]: ci-info: +-------+-------------+---------+-----------+-------+
[   18.300992] cloud-init[1088]: ci-info: | Route | Destination | Gateway | Interface | Flags |
[   18.304457] cloud-init[1088]: ci-info: +-------+-------------+---------+-----------+-------+
         Starting iSCSI initiator daemon (iscsid)...
[[0;32m  OK  [0m] Reached target System Initialization.
[[0;32m  OK  [0m] Started Daily Cleanup of Temporary Directories.
[   18.307558] cloud-init[1088]: ci-info: |   0   |  fe80::/64  |    ::   |   enp0s3  |   U   |
[[0;32m  OK  [0m] Started Ubuntu Advantage update messaging.
[   18.314434] cloud-init[1088]: ci-info: |   1   |  fe80::/64  |    ::   |   enp0s8  |   U   |
[[0;32m  OK  [0m] Started ACPI Events Check.
[[0;32m  OK  [0m] Reached target Paths.
         Starting Socket activation for snappy daemon.
[[0;32m  OK  [0m] Listening on ACPID Listen Socket.
[[0;32m  OK  [0m] Started Message of the Day.
[   18.322132] cloud-init[1088]: ci-info: |   4   |   ff00::/8  |    ::   |   enp0s3  |   U   |
         Starting LXD - unix socket.
[[0;32m  OK  [0m] Listening on UUID daemon activation socket.
[[0;32m  OK  [0m] Listening on D-Bus System Message Bus Socket.
[[0;32m  OK  [0m] Started Daily apt download activities.
[[0;32m  OK  [0m] Started Daily apt upgrade and clean activities.
[[0;32m  OK  [0m] Reached target Timers.
[[0;32m  OK  [0m] Reached target Cloud-config availability.
[[0;32m  OK  [0m] Listening on Socket activation for snappy daemon.
[[0;32m  OK  [0m] Listening on LXD - unix socket.
[[0;32m  OK  [0m] Reached target Sockets.
[[0;32m  OK  [0m] Reached target Basic System.
[[0;32m  OK  [0m] Started ACPI event daemon.
         Starting LSB: Record successful boot for GRUB...
         Starting MySQL Community Server...
         Starting Accounts Service...
[[0;32m  OK  [0m] Started D-Bus System Message Bus.
[   18.336706] cloud-init[1088]: ci-info: |   5   |   ff00::/8  |    ::   |   enp0s8  |   U   |
[   18.367156] cloud-init[1088]: ci-info: +-------+-------------+---------+-----------+-------+
         Starting Snap Daemon...
         Starting Login Service...
[[0;32m  OK  [0m] Started Deferred execution scheduler.
[[0;32m  OK  [0m] Started Regular background program processing daemon.
[[0;32m  OK  [0m] Started FUSE filesystem for LXC.
         Starting /etc/rc.local Compatibility...
         Starting LSB: MD monitoring daemon...
         Starting Virtualbox guest utils...
         Starting System Logging Service...
         Starting OpenBSD Secure Shell server...
         Starting LXD - container startup/shutdown...
[[0;32m  OK  [0m] Started iSCSI initiator daemon (iscsid).
[[0;32m  OK  [0m] Started /etc/rc.local Compatibility.
[[0;32m  OK  [0m] Started System Logging Service.
         Starting Authenticate and Authorize Users to Run Privileged Tasks...
         Starting Login to default iSCSI targets...
[[0;32m  OK  [0m] Started Login Service.
[[0;32m  OK  [0m] Started Unattended Upgrades Shutdown.
[[0;32m  OK  [0m] Started LSB: Record successful boot for GRUB.
[[0;32m  OK  [0m] Started Login to default iSCSI targets.
[[0;32m  OK  [0m] Reached target Remote File Systems (Pre).
         Mounting /vagrant...
[[0;32m  OK  [0m] Started OpenBSD Secure Shell server.
[[0;1;31mFAILED[0m] Failed to mount /vagrant.
See 'systemctl status vagrant.mount' for details.
[[0;1;33mDEPEND[0m] Dependency failed for Remote File Systems.
[[0;32m  OK  [0m] Started LSB: MD monitoring daemon.
         Starting LSB: Apache2 web server...
         Starting LSB: automatic crash report generation...
         Starting LSB: daemon to balance interrupts for SMP systems...
         Starting LSB: Set the CPU Frequency Scaling governor to "ondemand"...
         Starting Permit User Sessions...
[[0;32m  OK  [0m] Started Authenticate and Authorize Users to Run Privileged Tasks.
[[0;32m  OK  [0m] Started Accounts Service.
[[0;32m  OK  [0m] Started Permit User Sessions.
         Starting Terminate Plymouth Boot Screen...
         Starting Hold until boot process finishes up...
[[0;32m  OK  [0m] Started Terminate Plymouth Boot Screen.
[[0;32m  OK  [0m] Started Hold until boot process finishes up.
[[0;32m  OK  [0m] Started Serial Getty on ttyS0.
         Starting Set console scheme...
[[0;32m  OK  [0m] Started Getty on tty1.
[[0;32m  OK  [0m] Reached target Login Prompts.
[[0;32m  OK  [0m] Started Set console scheme.
[[0;32m  OK  [0m] Started LSB: Set the CPU Frequency Scaling governor to "ondemand".
[[0;32m  OK  [0m] Started LXD - container startup/shutdown.
[[0;32m  OK  [0m] Started LSB: daemon to balance interrupts for SMP systems.
[[0;32m  OK  [0m] Started LSB: automatic crash report generation.
[[0;32m  OK  [0m] Started Virtualbox guest utils.
[[0;32m  OK  [0m] Started Snap Daemon.
         Starting Wait until snapd is fully seeded...
[[0;32m  OK  [0m] Started Wait until snapd is fully seeded.
         Starting Apply the settings specified in cloud-config...
[   20.099860] cloud-init[1395]: Cloud-init v. 21.1-19-gbad84ad4-0ubuntu1~16.04.2 running 'modules:config' at Wed, 20 Dec 2023 14:19:30 +0000. Up 19.95 seconds.
[[0;32m  OK  [0m] Started Apply the settings specified in cloud-config.
[[0;32m  OK  [0m] Started LSB: Apache2 web server.
[[0;32m  OK  [0m] Started MySQL Community Server.
[[0;32m  OK  [0m] Reached target Multi-User System.
[[0;32m  OK  [0m] Reached target Graphical Interface.
         Starting Execute cloud user/final scripts...
         Starting Update UTMP about System Runlevel Changes...
[[0;32m  OK  [0m] Started Update UTMP about System Runlevel Changes.
[   20.970124] cloud-init[1440]: Cloud-init v. 21.1-19-gbad84ad4-0ubuntu1~16.04.2 running 'modules:final' at Wed, 20 Dec 2023 14:19:31 +0000. Up 20.85 seconds.
[   20.982441] cloud-init[1440]: Cloud-init v. 21.1-19-gbad84ad4-0ubuntu1~16.04.2 finished at Wed, 20 Dec 2023 14:19:31 +0000. Datasource DataSourceNoCloud [seed=/dev/sdb][dsmode=net].  Up 20.96 seconds
[[0;32m  OK  [0m] Started Execute cloud user/final scripts.
[[0;32m  OK  [0m] Reached target Cloud-init target.

Ubuntu 16.04.7 LTS ubuntu-xenial ttyS0

ubuntu-xenial login: 